<?xml version="1.0" encoding="UTF-8"?>
<coverage generated="1692898999304" clover="3.2.0">
  <project timestamp="1692898999304" name="All files">
    <metrics statements="4" coveredstatements="4" conditionals="14" coveredconditionals="14" methods="4" coveredmethods="4" elements="22" coveredelements="22" complexity="0" loc="4" ncloc="4" packages="1" files="1" classes="1"/>
    <file name="annalyns-infiltration.js" path="/Users/oz/Exercism/javascript/annalyns-infiltration/annalyns-infiltration.js">
      <metrics statements="4" coveredstatements="4" conditionals="14" coveredconditionals="14" methods="4" coveredmethods="4"/>
      <line num="30" count="2" type="stmt"/>
      <line num="43" count="7" type="cond" truecount="5" falsecount="0"/>
      <line num="56" count="4" type="cond" truecount="4" falsecount="0"/>
      <line num="76" count="16" type="cond" truecount="5" falsecount="0"/>
    </file>
  </project>
</coverage>
