{"/Users/oz/Exercism/javascript/annalyns-infiltration/annalyns-infiltration.js": {"path":"/Users/oz/Exercism/javascript/annalyns-infiltration/annalyns-infiltration.js","statementMap":{"0":{"start":{"line":30,"column":2},"end":{"line":30,"column":24}},"1":{"start":{"line":43,"column":2},"end":{"line":43,"column":96}},"2":{"start":{"line":43,"column":59},"end":{"line":43,"column":71}},"3":{"start":{"line":43,"column":81},"end":{"line":43,"column":94}},"4":{"start":{"line":56,"column":2},"end":{"line":56,"column":79}},"5":{"start":{"line":56,"column":43},"end":{"line":56,"column":55}},"6":{"start":{"line":56,"column":65},"end":{"line":56,"column":77}},"7":{"start":{"line":76,"column":2},"end":{"line":76,"column":101}}},"fnMap":{"0":{"name":"canExecuteFastAttack","decl":{"start":{"line":29,"column":16},"end":{"line":29,"column":36}},"loc":{"start":{"line":29,"column":52},"end":{"line":31,"column":1}},"line":29},"1":{"name":"canSpy","decl":{"start":{"line":42,"column":16},"end":{"line":42,"column":22}},"loc":{"start":{"line":42,"column":70},"end":{"line":45,"column":1}},"line":42},"2":{"name":"canSignalPrisoner","decl":{"start":{"line":55,"column":16},"end":{"line":55,"column":33}},"loc":{"start":{"line":55,"column":66},"end":{"line":58,"column":1}},"line":55},"3":{"name":"canFreePrisoner","decl":{"start":{"line":70,"column":16},"end":{"line":70,"column":31}},"loc":{"start":{"line":75,"column":2},"end":{"line":77,"column":1}},"line":75}},"branchMap":{"0":{"loc":{"start":{"line":43,"column":2},"end":{"line":43,"column":96}},"type":"if","locations":[{"start":{"line":43,"column":2},"end":{"line":43,"column":96}},{"start":{"line":43,"column":79},"end":{"line":43,"column":96}}],"line":43},"1":{"loc":{"start":{"line":43,"column":6},"end":{"line":43,"column":55}},"type":"binary-expr","locations":[{"start":{"line":43,"column":6},"end":{"line":43,"column":19}},{"start":{"line":43,"column":23},"end":{"line":43,"column":36}},{"start":{"line":43,"column":40},"end":{"line":43,"column":55}}],"line":43},"2":{"loc":{"start":{"line":56,"column":2},"end":{"line":56,"column":79}},"type":"if","locations":[{"start":{"line":56,"column":2},"end":{"line":56,"column":79}},{"start":{"line":56,"column":63},"end":{"line":56,"column":79}}],"line":56},"3":{"loc":{"start":{"line":56,"column":6},"end":{"line":56,"column":39}},"type":"binary-expr","locations":[{"start":{"line":56,"column":6},"end":{"line":56,"column":20}},{"start":{"line":56,"column":24},"end":{"line":56,"column":39}}],"line":56},"4":{"loc":{"start":{"line":76,"column":9},"end":{"line":76,"column":101}},"type":"binary-expr","locations":[{"start":{"line":76,"column":10},"end":{"line":76,"column":24}},{"start":{"line":76,"column":28},"end":{"line":76,"column":42}},{"start":{"line":76,"column":46},"end":{"line":76,"column":61}},{"start":{"line":76,"column":67},"end":{"line":76,"column":82}},{"start":{"line":76,"column":86},"end":{"line":76,"column":100}}],"line":76}},"s":{"0":2,"1":7,"2":6,"3":1,"4":4,"5":1,"6":3,"7":16},"f":{"0":2,"1":7,"2":4,"3":16},"b":{"0":[6,1],"1":[7,4,2],"2":[1,3],"3":[4,2],"4":[16,8,4,14,7]},"_coverageSchema":"1a1c01bbd47fc00a2c39e90264f33305004495a9","hash":"4735daf7b0eabd3f437c42bfc05579cb90ad2d10"}
}
